DEBUG 2024-12-22 02:12:50,335 utils 17100 26736 (0.000) 
            SELECT name, type FROM sqlite_master
            WHERE type in ('table', 'view') AND NOT name='sqlite_sequence'
            ORDER BY name; args=None; alias=default
DEBUG 2024-12-22 02:12:50,338 utils 17100 26736 (0.000) SELECT "django_migrations"."id", "django_migrations"."app", "django_migrations"."name", "django_migrations"."applied" FROM "django_migrations"; args=(); alias=default
DEBUG 2024-12-22 02:13:23,946 utils 7924 12356 (0.000) 
            SELECT name, type FROM sqlite_master
            WHERE type in ('table', 'view') AND NOT name='sqlite_sequence'
            ORDER BY name; args=None; alias=default
DEBUG 2024-12-22 02:13:23,950 utils 7924 12356 (0.000) SELECT "django_migrations"."id", "django_migrations"."app", "django_migrations"."name", "django_migrations"."applied" FROM "django_migrations"; args=(); alias=default
DEBUG 2024-12-22 02:13:23,951 utils 7924 12356 (0.000) 
            SELECT name, type FROM sqlite_master
            WHERE type in ('table', 'view') AND NOT name='sqlite_sequence'
            ORDER BY name; args=None; alias=default
DEBUG 2024-12-22 02:13:23,951 utils 7924 12356 (0.000) SELECT "django_migrations"."id", "django_migrations"."app", "django_migrations"."name", "django_migrations"."applied" FROM "django_migrations"; args=(); alias=default
DEBUG 2024-12-22 02:13:23,974 utils 7924 12356 (0.000) 
            SELECT name, type FROM sqlite_master
            WHERE type in ('table', 'view') AND NOT name='sqlite_sequence'
            ORDER BY name; args=None; alias=default
DEBUG 2024-12-22 02:13:23,974 utils 7924 12356 (0.000) PRAGMA foreign_keys = OFF; args=None; alias=default
DEBUG 2024-12-22 02:13:23,974 utils 7924 12356 (0.000) PRAGMA foreign_keys; args=None; alias=default
DEBUG 2024-12-22 02:13:23,974 utils 7924 12356 (0.000) BEGIN; args=None; alias=default
DEBUG 2024-12-22 02:13:23,980 schema 7924 12356 ALTER TABLE "secretary_dash_examination" DROP COLUMN "is_completed"; (params ())
DEBUG 2024-12-22 02:13:23,982 utils 7924 12356 (0.000) ALTER TABLE "secretary_dash_examination" DROP COLUMN "is_completed"; args=(); alias=default
DEBUG 2024-12-22 02:13:23,990 schema 7924 12356 CREATE TABLE "new__secretary_dash_examination" ("id" integer NOT NULL PRIMARY KEY AUTOINCREMENT, "date" date NOT NULL, "symptoms" text NOT NULL, "diagnosis" text NOT NULL, "created_at" datetime NOT NULL, "created_by_id" integer NOT NULL REFERENCES "auth_user" ("id") DEFERRABLE INITIALLY DEFERRED, "patient_id" bigint NOT NULL REFERENCES "secretary_dash_patient" ("id") DEFERRABLE INITIALLY DEFERRED, "time" time NOT NULL); (params None)
DEBUG 2024-12-22 02:13:23,990 utils 7924 12356 (0.000) CREATE TABLE "new__secretary_dash_examination" ("id" integer NOT NULL PRIMARY KEY AUTOINCREMENT, "date" date NOT NULL, "symptoms" text NOT NULL, "diagnosis" text NOT NULL, "created_at" datetime NOT NULL, "created_by_id" integer NOT NULL REFERENCES "auth_user" ("id") DEFERRABLE INITIALLY DEFERRED, "patient_id" bigint NOT NULL REFERENCES "secretary_dash_patient" ("id") DEFERRABLE INITIALLY DEFERRED, "time" time NOT NULL); args=None; alias=default
DEBUG 2024-12-22 02:13:23,991 schema 7924 12356 INSERT INTO "new__secretary_dash_examination" ("id", "date", "symptoms", "diagnosis", "created_at", "created_by_id", "patient_id", "time") SELECT "id", "date", "symptoms", "diagnosis", "created_at", "created_by_id", "patient_id", '00:13:23.989868' FROM "secretary_dash_examination"; (params ())
DEBUG 2024-12-22 02:13:23,991 utils 7924 12356 (0.000) INSERT INTO "new__secretary_dash_examination" ("id", "date", "symptoms", "diagnosis", "created_at", "created_by_id", "patient_id", "time") SELECT "id", "date", "symptoms", "diagnosis", "created_at", "created_by_id", "patient_id", '00:13:23.989868' FROM "secretary_dash_examination"; args=(); alias=default
DEBUG 2024-12-22 02:13:23,992 schema 7924 12356 DROP TABLE "secretary_dash_examination"; (params ())
DEBUG 2024-12-22 02:13:23,992 utils 7924 12356 (0.000) DROP TABLE "secretary_dash_examination"; args=(); alias=default
DEBUG 2024-12-22 02:13:23,993 schema 7924 12356 ALTER TABLE "new__secretary_dash_examination" RENAME TO "secretary_dash_examination"; (params ())
DEBUG 2024-12-22 02:13:23,993 utils 7924 12356 (0.000) ALTER TABLE "new__secretary_dash_examination" RENAME TO "secretary_dash_examination"; args=(); alias=default
DEBUG 2024-12-22 02:13:23,995 schema 7924 12356 CREATE INDEX "secretary_dash_examination_created_by_id_d4434f12" ON "secretary_dash_examination" ("created_by_id"); (params ())
DEBUG 2024-12-22 02:13:23,995 utils 7924 12356 (0.000) CREATE INDEX "secretary_dash_examination_created_by_id_d4434f12" ON "secretary_dash_examination" ("created_by_id"); args=(); alias=default
DEBUG 2024-12-22 02:13:23,995 schema 7924 12356 CREATE INDEX "secretary_dash_examination_patient_id_80854af5" ON "secretary_dash_examination" ("patient_id"); (params ())
DEBUG 2024-12-22 02:13:23,996 utils 7924 12356 (0.000) CREATE INDEX "secretary_dash_examination_patient_id_80854af5" ON "secretary_dash_examination" ("patient_id"); args=(); alias=default
DEBUG 2024-12-22 02:13:24,001 schema 7924 12356 CREATE TABLE "new__secretary_dash_examination" ("id" integer NOT NULL PRIMARY KEY AUTOINCREMENT, "symptoms" text NOT NULL, "diagnosis" text NOT NULL, "created_at" datetime NOT NULL, "created_by_id" integer NOT NULL REFERENCES "auth_user" ("id") DEFERRABLE INITIALLY DEFERRED, "patient_id" bigint NOT NULL REFERENCES "secretary_dash_patient" ("id") DEFERRABLE INITIALLY DEFERRED, "time" time NOT NULL, "date" date NOT NULL); (params None)
DEBUG 2024-12-22 02:13:24,002 utils 7924 12356 (0.000) CREATE TABLE "new__secretary_dash_examination" ("id" integer NOT NULL PRIMARY KEY AUTOINCREMENT, "symptoms" text NOT NULL, "diagnosis" text NOT NULL, "created_at" datetime NOT NULL, "created_by_id" integer NOT NULL REFERENCES "auth_user" ("id") DEFERRABLE INITIALLY DEFERRED, "patient_id" bigint NOT NULL REFERENCES "secretary_dash_patient" ("id") DEFERRABLE INITIALLY DEFERRED, "time" time NOT NULL, "date" date NOT NULL); args=None; alias=default
DEBUG 2024-12-22 02:13:24,002 schema 7924 12356 INSERT INTO "new__secretary_dash_examination" ("id", "symptoms", "diagnosis", "created_at", "created_by_id", "patient_id", "time", "date") SELECT "id", "symptoms", "diagnosis", "created_at", "created_by_id", "patient_id", "time", "date" FROM "secretary_dash_examination"; (params ())
DEBUG 2024-12-22 02:13:24,004 utils 7924 12356 (0.000) INSERT INTO "new__secretary_dash_examination" ("id", "symptoms", "diagnosis", "created_at", "created_by_id", "patient_id", "time", "date") SELECT "id", "symptoms", "diagnosis", "created_at", "created_by_id", "patient_id", "time", "date" FROM "secretary_dash_examination"; args=(); alias=default
DEBUG 2024-12-22 02:13:24,005 schema 7924 12356 DROP TABLE "secretary_dash_examination"; (params ())
DEBUG 2024-12-22 02:13:24,005 utils 7924 12356 (0.000) DROP TABLE "secretary_dash_examination"; args=(); alias=default
DEBUG 2024-12-22 02:13:24,005 schema 7924 12356 ALTER TABLE "new__secretary_dash_examination" RENAME TO "secretary_dash_examination"; (params ())
DEBUG 2024-12-22 02:13:24,006 utils 7924 12356 (0.000) ALTER TABLE "new__secretary_dash_examination" RENAME TO "secretary_dash_examination"; args=(); alias=default
DEBUG 2024-12-22 02:13:24,006 schema 7924 12356 CREATE INDEX "secretary_dash_examination_created_by_id_d4434f12" ON "secretary_dash_examination" ("created_by_id"); (params ())
DEBUG 2024-12-22 02:13:24,007 utils 7924 12356 (0.000) CREATE INDEX "secretary_dash_examination_created_by_id_d4434f12" ON "secretary_dash_examination" ("created_by_id"); args=(); alias=default
DEBUG 2024-12-22 02:13:24,007 schema 7924 12356 CREATE INDEX "secretary_dash_examination_patient_id_80854af5" ON "secretary_dash_examination" ("patient_id"); (params ())
DEBUG 2024-12-22 02:13:24,007 utils 7924 12356 (0.000) CREATE INDEX "secretary_dash_examination_patient_id_80854af5" ON "secretary_dash_examination" ("patient_id"); args=(); alias=default
DEBUG 2024-12-22 02:13:24,008 utils 7924 12356 (0.000) INSERT INTO "django_migrations" ("app", "name", "applied") VALUES ('secretary_dash', '0009_remove_examination_is_completed_examination_time_and_more', '2024-12-22 00:13:24.007111') RETURNING "django_migrations"."id"; args=('secretary_dash', '0009_remove_examination_is_completed_examination_time_and_more', '2024-12-22 00:13:24.007111'); alias=default
DEBUG 2024-12-22 02:13:24,008 utils 7924 12356 (0.000) PRAGMA foreign_key_check; args=None; alias=default
DEBUG 2024-12-22 02:13:24,012 utils 7924 12356 (0.000) COMMIT; args=None; alias=default
DEBUG 2024-12-22 02:13:24,012 utils 7924 12356 (0.000) PRAGMA foreign_keys = ON; args=None; alias=default
DEBUG 2024-12-22 02:13:24,013 utils 7924 12356 (0.000) SELECT "django_migrations"."id", "django_migrations"."app", "django_migrations"."name", "django_migrations"."applied" FROM "django_migrations"; args=(); alias=default
DEBUG 2024-12-22 02:13:24,020 utils 7924 12356 (0.000) SELECT "django_content_type"."id", "django_content_type"."app_label", "django_content_type"."model" FROM "django_content_type" WHERE "django_content_type"."app_label" = 'admin'; args=('admin',); alias=default
DEBUG 2024-12-22 02:13:24,021 utils 7924 12356 (0.000) SELECT "django_content_type"."id", "django_content_type"."app_label", "django_content_type"."model" FROM "django_content_type" WHERE ("django_content_type"."app_label" = 'admin' AND "django_content_type"."model" IN ('logentry')); args=('admin', 'logentry'); alias=default
DEBUG 2024-12-22 02:13:24,022 utils 7924 12356 (0.000) SELECT "auth_permission"."content_type_id", "auth_permission"."codename" FROM "auth_permission" INNER JOIN "django_content_type" ON ("auth_permission"."content_type_id" = "django_content_type"."id") WHERE "auth_permission"."content_type_id" IN (1) ORDER BY "django_content_type"."app_label" ASC, "django_content_type"."model" ASC, "auth_permission"."codename" ASC; args=(1,); alias=default
DEBUG 2024-12-22 02:13:24,023 utils 7924 12356 (0.000) SELECT "django_content_type"."id", "django_content_type"."app_label", "django_content_type"."model" FROM "django_content_type" WHERE "django_content_type"."app_label" = 'admin'; args=('admin',); alias=default
DEBUG 2024-12-22 02:13:24,024 utils 7924 12356 (0.000) SELECT "django_content_type"."id", "django_content_type"."app_label", "django_content_type"."model" FROM "django_content_type" WHERE "django_content_type"."app_label" = 'auth'; args=('auth',); alias=default
DEBUG 2024-12-22 02:13:24,025 utils 7924 12356 (0.000) SELECT "django_content_type"."id", "django_content_type"."app_label", "django_content_type"."model" FROM "django_content_type" WHERE ("django_content_type"."app_label" = 'auth' AND "django_content_type"."model" IN ('user', 'group', 'permission')); args=('auth', 'user', 'group', 'permission'); alias=default
DEBUG 2024-12-22 02:13:24,026 utils 7924 12356 (0.000) SELECT "auth_permission"."content_type_id", "auth_permission"."codename" FROM "auth_permission" INNER JOIN "django_content_type" ON ("auth_permission"."content_type_id" = "django_content_type"."id") WHERE "auth_permission"."content_type_id" IN (2, 3, 4) ORDER BY "django_content_type"."app_label" ASC, "django_content_type"."model" ASC, "auth_permission"."codename" ASC; args=(2, 3, 4); alias=default
DEBUG 2024-12-22 02:13:24,027 utils 7924 12356 (0.000) SELECT "django_content_type"."id", "django_content_type"."app_label", "django_content_type"."model" FROM "django_content_type" WHERE "django_content_type"."app_label" = 'auth'; args=('auth',); alias=default
DEBUG 2024-12-22 02:13:24,028 utils 7924 12356 (0.000) SELECT "django_content_type"."id", "django_content_type"."app_label", "django_content_type"."model" FROM "django_content_type" WHERE "django_content_type"."app_label" = 'contenttypes'; args=('contenttypes',); alias=default
DEBUG 2024-12-22 02:13:24,029 utils 7924 12356 (0.000) SELECT "django_content_type"."id", "django_content_type"."app_label", "django_content_type"."model" FROM "django_content_type" WHERE ("django_content_type"."app_label" = 'contenttypes' AND "django_content_type"."model" IN ('contenttype')); args=('contenttypes', 'contenttype'); alias=default
DEBUG 2024-12-22 02:13:24,030 utils 7924 12356 (0.000) SELECT "auth_permission"."content_type_id", "auth_permission"."codename" FROM "auth_permission" INNER JOIN "django_content_type" ON ("auth_permission"."content_type_id" = "django_content_type"."id") WHERE "auth_permission"."content_type_id" IN (5) ORDER BY "django_content_type"."app_label" ASC, "django_content_type"."model" ASC, "auth_permission"."codename" ASC; args=(5,); alias=default
DEBUG 2024-12-22 02:13:24,031 utils 7924 12356 (0.000) SELECT "django_content_type"."id", "django_content_type"."app_label", "django_content_type"."model" FROM "django_content_type" WHERE "django_content_type"."app_label" = 'contenttypes'; args=('contenttypes',); alias=default
DEBUG 2024-12-22 02:13:24,031 utils 7924 12356 (0.000) SELECT "django_content_type"."id", "django_content_type"."app_label", "django_content_type"."model" FROM "django_content_type" WHERE "django_content_type"."app_label" = 'sessions'; args=('sessions',); alias=default
DEBUG 2024-12-22 02:13:24,033 utils 7924 12356 (0.000) SELECT "django_content_type"."id", "django_content_type"."app_label", "django_content_type"."model" FROM "django_content_type" WHERE ("django_content_type"."app_label" = 'sessions' AND "django_content_type"."model" IN ('session')); args=('sessions', 'session'); alias=default
DEBUG 2024-12-22 02:13:24,035 utils 7924 12356 (0.000) SELECT "auth_permission"."content_type_id", "auth_permission"."codename" FROM "auth_permission" INNER JOIN "django_content_type" ON ("auth_permission"."content_type_id" = "django_content_type"."id") WHERE "auth_permission"."content_type_id" IN (6) ORDER BY "django_content_type"."app_label" ASC, "django_content_type"."model" ASC, "auth_permission"."codename" ASC; args=(6,); alias=default
DEBUG 2024-12-22 02:13:24,035 utils 7924 12356 (0.000) SELECT "django_content_type"."id", "django_content_type"."app_label", "django_content_type"."model" FROM "django_content_type" WHERE "django_content_type"."app_label" = 'sessions'; args=('sessions',); alias=default
DEBUG 2024-12-22 02:13:24,036 utils 7924 12356 (0.000) SELECT "django_content_type"."id", "django_content_type"."app_label", "django_content_type"."model" FROM "django_content_type" WHERE "django_content_type"."app_label" = 'secretary_dash'; args=('secretary_dash',); alias=default
DEBUG 2024-12-22 02:13:24,037 utils 7924 12356 (0.000) SELECT "django_content_type"."id", "django_content_type"."app_label", "django_content_type"."model" FROM "django_content_type" WHERE ("django_content_type"."app_label" = 'secretary_dash' AND "django_content_type"."model" IN ('medicine', 'examination', 'secretary', 'busyhours', 'prescription', 'patient', 'appointment')); args=('secretary_dash', 'medicine', 'examination', 'secretary', 'busyhours', 'prescription', 'patient', 'appointment'); alias=default
DEBUG 2024-12-22 02:13:24,039 utils 7924 12356 (0.000) SELECT "auth_permission"."content_type_id", "auth_permission"."codename" FROM "auth_permission" INNER JOIN "django_content_type" ON ("auth_permission"."content_type_id" = "django_content_type"."id") WHERE "auth_permission"."content_type_id" IN (7, 8, 9, 10, 11, 12, 13) ORDER BY "django_content_type"."app_label" ASC, "django_content_type"."model" ASC, "auth_permission"."codename" ASC; args=(7, 8, 9, 10, 11, 12, 13); alias=default
DEBUG 2024-12-22 02:13:24,039 utils 7924 12356 (0.000) SELECT "django_content_type"."id", "django_content_type"."app_label", "django_content_type"."model" FROM "django_content_type" WHERE "django_content_type"."app_label" = 'secretary_dash'; args=('secretary_dash',); alias=default
DEBUG 2024-12-22 02:17:58,935 utils 5944 15152 (0.000) 
            SELECT name, type FROM sqlite_master
            WHERE type in ('table', 'view') AND NOT name='sqlite_sequence'
            ORDER BY name; args=None; alias=default
DEBUG 2024-12-22 02:17:58,938 utils 5944 15152 (0.000) SELECT "django_migrations"."id", "django_migrations"."app", "django_migrations"."name", "django_migrations"."applied" FROM "django_migrations"; args=(); alias=default
DEBUG 2024-12-22 02:18:05,317 utils 22568 8892 (0.000) 
            SELECT name, type FROM sqlite_master
            WHERE type in ('table', 'view') AND NOT name='sqlite_sequence'
            ORDER BY name; args=None; alias=default
DEBUG 2024-12-22 02:18:05,320 utils 22568 8892 (0.016) SELECT "django_migrations"."id", "django_migrations"."app", "django_migrations"."name", "django_migrations"."applied" FROM "django_migrations"; args=(); alias=default
DEBUG 2024-12-22 02:18:05,321 utils 22568 8892 (0.000) 
            SELECT name, type FROM sqlite_master
            WHERE type in ('table', 'view') AND NOT name='sqlite_sequence'
            ORDER BY name; args=None; alias=default
DEBUG 2024-12-22 02:18:05,322 utils 22568 8892 (0.000) SELECT "django_migrations"."id", "django_migrations"."app", "django_migrations"."name", "django_migrations"."applied" FROM "django_migrations"; args=(); alias=default
DEBUG 2024-12-22 02:18:05,345 utils 22568 8892 (0.000) 
            SELECT name, type FROM sqlite_master
            WHERE type in ('table', 'view') AND NOT name='sqlite_sequence'
            ORDER BY name; args=None; alias=default
DEBUG 2024-12-22 02:18:05,346 utils 22568 8892 (0.000) PRAGMA foreign_keys = OFF; args=None; alias=default
DEBUG 2024-12-22 02:18:05,346 utils 22568 8892 (0.000) PRAGMA foreign_keys; args=None; alias=default
DEBUG 2024-12-22 02:18:05,346 utils 22568 8892 (0.000) BEGIN; args=None; alias=default
DEBUG 2024-12-22 02:18:05,351 schema 22568 8892 CREATE TABLE "new__secretary_dash_appointment" ("id" integer NOT NULL PRIMARY KEY AUTOINCREMENT, "date" date NOT NULL, "time" time NOT NULL, "is_cancelled" bool NOT NULL, "created_at" datetime NOT NULL, "patient_id" bigint NOT NULL REFERENCES "secretary_dash_patient" ("id") DEFERRABLE INITIALLY DEFERRED, "created_by_id" bigint NOT NULL REFERENCES "secretary_dash_secretary" ("id") DEFERRABLE INITIALLY DEFERRED, "status" varchar(20) NOT NULL); (params None)
DEBUG 2024-12-22 02:18:05,352 utils 22568 8892 (0.000) CREATE TABLE "new__secretary_dash_appointment" ("id" integer NOT NULL PRIMARY KEY AUTOINCREMENT, "date" date NOT NULL, "time" time NOT NULL, "is_cancelled" bool NOT NULL, "created_at" datetime NOT NULL, "patient_id" bigint NOT NULL REFERENCES "secretary_dash_patient" ("id") DEFERRABLE INITIALLY DEFERRED, "created_by_id" bigint NOT NULL REFERENCES "secretary_dash_secretary" ("id") DEFERRABLE INITIALLY DEFERRED, "status" varchar(20) NOT NULL); args=None; alias=default
DEBUG 2024-12-22 02:18:05,353 schema 22568 8892 INSERT INTO "new__secretary_dash_appointment" ("id", "date", "time", "is_cancelled", "created_at", "patient_id", "created_by_id", "status") SELECT "id", "date", "time", "is_cancelled", "created_at", "patient_id", "created_by_id", 'upcoming' FROM "secretary_dash_appointment"; (params ())
DEBUG 2024-12-22 02:18:05,354 utils 22568 8892 (0.000) INSERT INTO "new__secretary_dash_appointment" ("id", "date", "time", "is_cancelled", "created_at", "patient_id", "created_by_id", "status") SELECT "id", "date", "time", "is_cancelled", "created_at", "patient_id", "created_by_id", 'upcoming' FROM "secretary_dash_appointment"; args=(); alias=default
DEBUG 2024-12-22 02:18:05,354 schema 22568 8892 DROP TABLE "secretary_dash_appointment"; (params ())
DEBUG 2024-12-22 02:18:05,355 utils 22568 8892 (0.000) DROP TABLE "secretary_dash_appointment"; args=(); alias=default
DEBUG 2024-12-22 02:18:05,355 schema 22568 8892 ALTER TABLE "new__secretary_dash_appointment" RENAME TO "secretary_dash_appointment"; (params ())
DEBUG 2024-12-22 02:18:05,357 utils 22568 8892 (0.000) ALTER TABLE "new__secretary_dash_appointment" RENAME TO "secretary_dash_appointment"; args=(); alias=default
DEBUG 2024-12-22 02:18:05,357 schema 22568 8892 CREATE INDEX "secretary_dash_appointment_patient_id_23530c66" ON "secretary_dash_appointment" ("patient_id"); (params ())
DEBUG 2024-12-22 02:18:05,358 utils 22568 8892 (0.000) CREATE INDEX "secretary_dash_appointment_patient_id_23530c66" ON "secretary_dash_appointment" ("patient_id"); args=(); alias=default
DEBUG 2024-12-22 02:18:05,358 schema 22568 8892 CREATE INDEX "secretary_dash_appointment_created_by_id_219a4040" ON "secretary_dash_appointment" ("created_by_id"); (params ())
DEBUG 2024-12-22 02:18:05,358 utils 22568 8892 (0.000) CREATE INDEX "secretary_dash_appointment_created_by_id_219a4040" ON "secretary_dash_appointment" ("created_by_id"); args=(); alias=default
DEBUG 2024-12-22 02:18:05,359 utils 22568 8892 (0.000) INSERT INTO "django_migrations" ("app", "name", "applied") VALUES ('secretary_dash', '0010_appointment_status', '2024-12-22 00:18:05.359247') RETURNING "django_migrations"."id"; args=('secretary_dash', '0010_appointment_status', '2024-12-22 00:18:05.359247'); alias=default
DEBUG 2024-12-22 02:18:05,360 utils 22568 8892 (0.000) PRAGMA foreign_key_check; args=None; alias=default
DEBUG 2024-12-22 02:18:05,363 utils 22568 8892 (0.000) COMMIT; args=None; alias=default
DEBUG 2024-12-22 02:18:05,364 utils 22568 8892 (0.000) PRAGMA foreign_keys = ON; args=None; alias=default
DEBUG 2024-12-22 02:18:05,364 utils 22568 8892 (0.000) SELECT "django_migrations"."id", "django_migrations"."app", "django_migrations"."name", "django_migrations"."applied" FROM "django_migrations"; args=(); alias=default
DEBUG 2024-12-22 02:18:05,372 utils 22568 8892 (0.000) SELECT "django_content_type"."id", "django_content_type"."app_label", "django_content_type"."model" FROM "django_content_type" WHERE "django_content_type"."app_label" = 'admin'; args=('admin',); alias=default
DEBUG 2024-12-22 02:18:05,373 utils 22568 8892 (0.000) SELECT "django_content_type"."id", "django_content_type"."app_label", "django_content_type"."model" FROM "django_content_type" WHERE ("django_content_type"."app_label" = 'admin' AND "django_content_type"."model" IN ('logentry')); args=('admin', 'logentry'); alias=default
DEBUG 2024-12-22 02:18:05,375 utils 22568 8892 (0.000) SELECT "auth_permission"."content_type_id", "auth_permission"."codename" FROM "auth_permission" INNER JOIN "django_content_type" ON ("auth_permission"."content_type_id" = "django_content_type"."id") WHERE "auth_permission"."content_type_id" IN (1) ORDER BY "django_content_type"."app_label" ASC, "django_content_type"."model" ASC, "auth_permission"."codename" ASC; args=(1,); alias=default
DEBUG 2024-12-22 02:18:05,377 utils 22568 8892 (0.000) SELECT "django_content_type"."id", "django_content_type"."app_label", "django_content_type"."model" FROM "django_content_type" WHERE "django_content_type"."app_label" = 'admin'; args=('admin',); alias=default
DEBUG 2024-12-22 02:18:05,378 utils 22568 8892 (0.000) SELECT "django_content_type"."id", "django_content_type"."app_label", "django_content_type"."model" FROM "django_content_type" WHERE "django_content_type"."app_label" = 'auth'; args=('auth',); alias=default
DEBUG 2024-12-22 02:18:05,379 utils 22568 8892 (0.000) SELECT "django_content_type"."id", "django_content_type"."app_label", "django_content_type"."model" FROM "django_content_type" WHERE ("django_content_type"."app_label" = 'auth' AND "django_content_type"."model" IN ('group', 'permission', 'user')); args=('auth', 'group', 'permission', 'user'); alias=default
DEBUG 2024-12-22 02:18:05,380 utils 22568 8892 (0.000) SELECT "auth_permission"."content_type_id", "auth_permission"."codename" FROM "auth_permission" INNER JOIN "django_content_type" ON ("auth_permission"."content_type_id" = "django_content_type"."id") WHERE "auth_permission"."content_type_id" IN (2, 3, 4) ORDER BY "django_content_type"."app_label" ASC, "django_content_type"."model" ASC, "auth_permission"."codename" ASC; args=(2, 3, 4); alias=default
DEBUG 2024-12-22 02:18:05,381 utils 22568 8892 (0.000) SELECT "django_content_type"."id", "django_content_type"."app_label", "django_content_type"."model" FROM "django_content_type" WHERE "django_content_type"."app_label" = 'auth'; args=('auth',); alias=default
DEBUG 2024-12-22 02:18:05,383 utils 22568 8892 (0.000) SELECT "django_content_type"."id", "django_content_type"."app_label", "django_content_type"."model" FROM "django_content_type" WHERE "django_content_type"."app_label" = 'contenttypes'; args=('contenttypes',); alias=default
DEBUG 2024-12-22 02:18:05,384 utils 22568 8892 (0.000) SELECT "django_content_type"."id", "django_content_type"."app_label", "django_content_type"."model" FROM "django_content_type" WHERE ("django_content_type"."app_label" = 'contenttypes' AND "django_content_type"."model" IN ('contenttype')); args=('contenttypes', 'contenttype'); alias=default
DEBUG 2024-12-22 02:18:05,385 utils 22568 8892 (0.000) SELECT "auth_permission"."content_type_id", "auth_permission"."codename" FROM "auth_permission" INNER JOIN "django_content_type" ON ("auth_permission"."content_type_id" = "django_content_type"."id") WHERE "auth_permission"."content_type_id" IN (5) ORDER BY "django_content_type"."app_label" ASC, "django_content_type"."model" ASC, "auth_permission"."codename" ASC; args=(5,); alias=default
DEBUG 2024-12-22 02:18:05,386 utils 22568 8892 (0.000) SELECT "django_content_type"."id", "django_content_type"."app_label", "django_content_type"."model" FROM "django_content_type" WHERE "django_content_type"."app_label" = 'contenttypes'; args=('contenttypes',); alias=default
DEBUG 2024-12-22 02:18:05,387 utils 22568 8892 (0.000) SELECT "django_content_type"."id", "django_content_type"."app_label", "django_content_type"."model" FROM "django_content_type" WHERE "django_content_type"."app_label" = 'sessions'; args=('sessions',); alias=default
DEBUG 2024-12-22 02:18:05,388 utils 22568 8892 (0.000) SELECT "django_content_type"."id", "django_content_type"."app_label", "django_content_type"."model" FROM "django_content_type" WHERE ("django_content_type"."app_label" = 'sessions' AND "django_content_type"."model" IN ('session')); args=('sessions', 'session'); alias=default
DEBUG 2024-12-22 02:18:05,390 utils 22568 8892 (0.000) SELECT "auth_permission"."content_type_id", "auth_permission"."codename" FROM "auth_permission" INNER JOIN "django_content_type" ON ("auth_permission"."content_type_id" = "django_content_type"."id") WHERE "auth_permission"."content_type_id" IN (6) ORDER BY "django_content_type"."app_label" ASC, "django_content_type"."model" ASC, "auth_permission"."codename" ASC; args=(6,); alias=default
DEBUG 2024-12-22 02:18:05,391 utils 22568 8892 (0.000) SELECT "django_content_type"."id", "django_content_type"."app_label", "django_content_type"."model" FROM "django_content_type" WHERE "django_content_type"."app_label" = 'sessions'; args=('sessions',); alias=default
DEBUG 2024-12-22 02:18:05,392 utils 22568 8892 (0.000) SELECT "django_content_type"."id", "django_content_type"."app_label", "django_content_type"."model" FROM "django_content_type" WHERE "django_content_type"."app_label" = 'secretary_dash'; args=('secretary_dash',); alias=default
DEBUG 2024-12-22 02:18:05,393 utils 22568 8892 (0.000) SELECT "django_content_type"."id", "django_content_type"."app_label", "django_content_type"."model" FROM "django_content_type" WHERE ("django_content_type"."app_label" = 'secretary_dash' AND "django_content_type"."model" IN ('examination', 'appointment', 'medicine', 'busyhours', 'patient', 'prescription', 'secretary')); args=('secretary_dash', 'examination', 'appointment', 'medicine', 'busyhours', 'patient', 'prescription', 'secretary'); alias=default
DEBUG 2024-12-22 02:18:05,394 utils 22568 8892 (0.000) SELECT "auth_permission"."content_type_id", "auth_permission"."codename" FROM "auth_permission" INNER JOIN "django_content_type" ON ("auth_permission"."content_type_id" = "django_content_type"."id") WHERE "auth_permission"."content_type_id" IN (7, 8, 9, 10, 11, 12, 13) ORDER BY "django_content_type"."app_label" ASC, "django_content_type"."model" ASC, "auth_permission"."codename" ASC; args=(7, 8, 9, 10, 11, 12, 13); alias=default
DEBUG 2024-12-22 02:18:05,395 utils 22568 8892 (0.000) SELECT "django_content_type"."id", "django_content_type"."app_label", "django_content_type"."model" FROM "django_content_type" WHERE "django_content_type"."app_label" = 'secretary_dash'; args=('secretary_dash',); alias=default
DEBUG 2024-12-22 02:54:55,755 utils 17608 26924 (0.000) 
            SELECT name, type FROM sqlite_master
            WHERE type in ('table', 'view') AND NOT name='sqlite_sequence'
            ORDER BY name; args=None; alias=default
DEBUG 2024-12-22 02:54:55,758 utils 17608 26924 (0.000) SELECT "django_migrations"."id", "django_migrations"."app", "django_migrations"."name", "django_migrations"."applied" FROM "django_migrations"; args=(); alias=default
DEBUG 2024-12-22 02:55:00,291 utils 22908 21408 (0.000) 
            SELECT name, type FROM sqlite_master
            WHERE type in ('table', 'view') AND NOT name='sqlite_sequence'
            ORDER BY name; args=None; alias=default
DEBUG 2024-12-22 02:55:00,294 utils 22908 21408 (0.000) SELECT "django_migrations"."id", "django_migrations"."app", "django_migrations"."name", "django_migrations"."applied" FROM "django_migrations"; args=(); alias=default
DEBUG 2024-12-22 02:55:00,294 utils 22908 21408 (0.000) 
            SELECT name, type FROM sqlite_master
            WHERE type in ('table', 'view') AND NOT name='sqlite_sequence'
            ORDER BY name; args=None; alias=default
DEBUG 2024-12-22 02:55:00,295 utils 22908 21408 (0.000) SELECT "django_migrations"."id", "django_migrations"."app", "django_migrations"."name", "django_migrations"."applied" FROM "django_migrations"; args=(); alias=default
DEBUG 2024-12-22 02:55:00,313 utils 22908 21408 (0.000) 
            SELECT name, type FROM sqlite_master
            WHERE type in ('table', 'view') AND NOT name='sqlite_sequence'
            ORDER BY name; args=None; alias=default
DEBUG 2024-12-22 02:55:00,313 utils 22908 21408 (0.000) PRAGMA foreign_keys = OFF; args=None; alias=default
DEBUG 2024-12-22 02:55:00,314 utils 22908 21408 (0.000) PRAGMA foreign_keys; args=None; alias=default
DEBUG 2024-12-22 02:55:00,314 utils 22908 21408 (0.000) BEGIN; args=None; alias=default
DEBUG 2024-12-22 02:55:00,322 utils 22908 21408 (0.000) INSERT INTO "django_migrations" ("app", "name", "applied") VALUES ('secretary_dash', '0011_alter_prescription_examination', '2024-12-22 00:55:00.320818') RETURNING "django_migrations"."id"; args=('secretary_dash', '0011_alter_prescription_examination', '2024-12-22 00:55:00.320818'); alias=default
DEBUG 2024-12-22 02:55:00,323 utils 22908 21408 (0.000) PRAGMA foreign_key_check; args=None; alias=default
DEBUG 2024-12-22 02:55:00,326 utils 22908 21408 (0.000) COMMIT; args=None; alias=default
DEBUG 2024-12-22 02:55:00,327 utils 22908 21408 (0.000) PRAGMA foreign_keys = ON; args=None; alias=default
DEBUG 2024-12-22 02:55:00,327 utils 22908 21408 (0.000) SELECT "django_migrations"."id", "django_migrations"."app", "django_migrations"."name", "django_migrations"."applied" FROM "django_migrations"; args=(); alias=default
DEBUG 2024-12-22 02:55:00,329 utils 22908 21408 (0.000) SELECT "django_content_type"."id", "django_content_type"."app_label", "django_content_type"."model" FROM "django_content_type" WHERE "django_content_type"."app_label" = 'admin'; args=('admin',); alias=default
DEBUG 2024-12-22 02:55:00,330 utils 22908 21408 (0.000) SELECT "django_content_type"."id", "django_content_type"."app_label", "django_content_type"."model" FROM "django_content_type" WHERE ("django_content_type"."app_label" = 'admin' AND "django_content_type"."model" IN ('logentry')); args=('admin', 'logentry'); alias=default
DEBUG 2024-12-22 02:55:00,331 utils 22908 21408 (0.000) SELECT "auth_permission"."content_type_id", "auth_permission"."codename" FROM "auth_permission" INNER JOIN "django_content_type" ON ("auth_permission"."content_type_id" = "django_content_type"."id") WHERE "auth_permission"."content_type_id" IN (1) ORDER BY "django_content_type"."app_label" ASC, "django_content_type"."model" ASC, "auth_permission"."codename" ASC; args=(1,); alias=default
DEBUG 2024-12-22 02:55:00,332 utils 22908 21408 (0.000) SELECT "django_content_type"."id", "django_content_type"."app_label", "django_content_type"."model" FROM "django_content_type" WHERE "django_content_type"."app_label" = 'admin'; args=('admin',); alias=default
DEBUG 2024-12-22 02:55:00,333 utils 22908 21408 (0.000) SELECT "django_content_type"."id", "django_content_type"."app_label", "django_content_type"."model" FROM "django_content_type" WHERE "django_content_type"."app_label" = 'auth'; args=('auth',); alias=default
DEBUG 2024-12-22 02:55:00,334 utils 22908 21408 (0.000) SELECT "django_content_type"."id", "django_content_type"."app_label", "django_content_type"."model" FROM "django_content_type" WHERE ("django_content_type"."app_label" = 'auth' AND "django_content_type"."model" IN ('user', 'permission', 'group')); args=('auth', 'user', 'permission', 'group'); alias=default
DEBUG 2024-12-22 02:55:00,336 utils 22908 21408 (0.000) SELECT "auth_permission"."content_type_id", "auth_permission"."codename" FROM "auth_permission" INNER JOIN "django_content_type" ON ("auth_permission"."content_type_id" = "django_content_type"."id") WHERE "auth_permission"."content_type_id" IN (2, 3, 4) ORDER BY "django_content_type"."app_label" ASC, "django_content_type"."model" ASC, "auth_permission"."codename" ASC; args=(2, 3, 4); alias=default
DEBUG 2024-12-22 02:55:00,337 utils 22908 21408 (0.000) SELECT "django_content_type"."id", "django_content_type"."app_label", "django_content_type"."model" FROM "django_content_type" WHERE "django_content_type"."app_label" = 'auth'; args=('auth',); alias=default
DEBUG 2024-12-22 02:55:00,338 utils 22908 21408 (0.000) SELECT "django_content_type"."id", "django_content_type"."app_label", "django_content_type"."model" FROM "django_content_type" WHERE "django_content_type"."app_label" = 'contenttypes'; args=('contenttypes',); alias=default
DEBUG 2024-12-22 02:55:00,338 utils 22908 21408 (0.000) SELECT "django_content_type"."id", "django_content_type"."app_label", "django_content_type"."model" FROM "django_content_type" WHERE ("django_content_type"."app_label" = 'contenttypes' AND "django_content_type"."model" IN ('contenttype')); args=('contenttypes', 'contenttype'); alias=default
DEBUG 2024-12-22 02:55:00,340 utils 22908 21408 (0.000) SELECT "auth_permission"."content_type_id", "auth_permission"."codename" FROM "auth_permission" INNER JOIN "django_content_type" ON ("auth_permission"."content_type_id" = "django_content_type"."id") WHERE "auth_permission"."content_type_id" IN (5) ORDER BY "django_content_type"."app_label" ASC, "django_content_type"."model" ASC, "auth_permission"."codename" ASC; args=(5,); alias=default
DEBUG 2024-12-22 02:55:00,341 utils 22908 21408 (0.000) SELECT "django_content_type"."id", "django_content_type"."app_label", "django_content_type"."model" FROM "django_content_type" WHERE "django_content_type"."app_label" = 'contenttypes'; args=('contenttypes',); alias=default
DEBUG 2024-12-22 02:55:00,342 utils 22908 21408 (0.000) SELECT "django_content_type"."id", "django_content_type"."app_label", "django_content_type"."model" FROM "django_content_type" WHERE "django_content_type"."app_label" = 'sessions'; args=('sessions',); alias=default
DEBUG 2024-12-22 02:55:00,344 utils 22908 21408 (0.000) SELECT "django_content_type"."id", "django_content_type"."app_label", "django_content_type"."model" FROM "django_content_type" WHERE ("django_content_type"."app_label" = 'sessions' AND "django_content_type"."model" IN ('session')); args=('sessions', 'session'); alias=default
DEBUG 2024-12-22 02:55:00,345 utils 22908 21408 (0.000) SELECT "auth_permission"."content_type_id", "auth_permission"."codename" FROM "auth_permission" INNER JOIN "django_content_type" ON ("auth_permission"."content_type_id" = "django_content_type"."id") WHERE "auth_permission"."content_type_id" IN (6) ORDER BY "django_content_type"."app_label" ASC, "django_content_type"."model" ASC, "auth_permission"."codename" ASC; args=(6,); alias=default
DEBUG 2024-12-22 02:55:00,346 utils 22908 21408 (0.000) SELECT "django_content_type"."id", "django_content_type"."app_label", "django_content_type"."model" FROM "django_content_type" WHERE "django_content_type"."app_label" = 'sessions'; args=('sessions',); alias=default
DEBUG 2024-12-22 02:55:00,346 utils 22908 21408 (0.000) SELECT "django_content_type"."id", "django_content_type"."app_label", "django_content_type"."model" FROM "django_content_type" WHERE "django_content_type"."app_label" = 'secretary_dash'; args=('secretary_dash',); alias=default
DEBUG 2024-12-22 02:55:00,347 utils 22908 21408 (0.000) SELECT "django_content_type"."id", "django_content_type"."app_label", "django_content_type"."model" FROM "django_content_type" WHERE ("django_content_type"."app_label" = 'secretary_dash' AND "django_content_type"."model" IN ('patient', 'medicine', 'examination', 'busyhours', 'appointment', 'prescription', 'secretary')); args=('secretary_dash', 'patient', 'medicine', 'examination', 'busyhours', 'appointment', 'prescription', 'secretary'); alias=default
DEBUG 2024-12-22 02:55:00,349 utils 22908 21408 (0.000) SELECT "auth_permission"."content_type_id", "auth_permission"."codename" FROM "auth_permission" INNER JOIN "django_content_type" ON ("auth_permission"."content_type_id" = "django_content_type"."id") WHERE "auth_permission"."content_type_id" IN (7, 8, 9, 10, 11, 12, 13) ORDER BY "django_content_type"."app_label" ASC, "django_content_type"."model" ASC, "auth_permission"."codename" ASC; args=(7, 8, 9, 10, 11, 12, 13); alias=default
DEBUG 2024-12-22 02:55:00,350 utils 22908 21408 (0.000) SELECT "django_content_type"."id", "django_content_type"."app_label", "django_content_type"."model" FROM "django_content_type" WHERE "django_content_type"."app_label" = 'secretary_dash'; args=('secretary_dash',); alias=default
DEBUG 2024-12-22 03:29:15,006 utils 4976 26952 (0.000) 
            SELECT name, type FROM sqlite_master
            WHERE type in ('table', 'view') AND NOT name='sqlite_sequence'
            ORDER BY name; args=None; alias=default
DEBUG 2024-12-22 03:29:15,008 utils 4976 26952 (0.000) SELECT "django_migrations"."id", "django_migrations"."app", "django_migrations"."name", "django_migrations"."applied" FROM "django_migrations"; args=(); alias=default
DEBUG 2024-12-22 03:29:21,462 utils 14104 21776 (0.000) 
            SELECT name, type FROM sqlite_master
            WHERE type in ('table', 'view') AND NOT name='sqlite_sequence'
            ORDER BY name; args=None; alias=default
DEBUG 2024-12-22 03:29:21,465 utils 14104 21776 (0.000) SELECT "django_migrations"."id", "django_migrations"."app", "django_migrations"."name", "django_migrations"."applied" FROM "django_migrations"; args=(); alias=default
DEBUG 2024-12-22 03:29:21,466 utils 14104 21776 (0.000) 
            SELECT name, type FROM sqlite_master
            WHERE type in ('table', 'view') AND NOT name='sqlite_sequence'
            ORDER BY name; args=None; alias=default
DEBUG 2024-12-22 03:29:21,467 utils 14104 21776 (0.000) SELECT "django_migrations"."id", "django_migrations"."app", "django_migrations"."name", "django_migrations"."applied" FROM "django_migrations"; args=(); alias=default
DEBUG 2024-12-22 03:29:21,488 utils 14104 21776 (0.000) 
            SELECT name, type FROM sqlite_master
            WHERE type in ('table', 'view') AND NOT name='sqlite_sequence'
            ORDER BY name; args=None; alias=default
DEBUG 2024-12-22 03:29:21,488 utils 14104 21776 (0.000) PRAGMA foreign_keys = OFF; args=None; alias=default
DEBUG 2024-12-22 03:29:21,488 utils 14104 21776 (0.000) PRAGMA foreign_keys; args=None; alias=default
DEBUG 2024-12-22 03:29:21,489 utils 14104 21776 (0.000) BEGIN; args=None; alias=default
DEBUG 2024-12-22 03:29:21,492 schema 14104 21776 ALTER TABLE "secretary_dash_appointment" DROP COLUMN "is_cancelled"; (params ())
DEBUG 2024-12-22 03:29:21,495 utils 14104 21776 (0.000) ALTER TABLE "secretary_dash_appointment" DROP COLUMN "is_cancelled"; args=(); alias=default
DEBUG 2024-12-22 03:29:21,496 utils 14104 21776 (0.000) INSERT INTO "django_migrations" ("app", "name", "applied") VALUES ('secretary_dash', '0012_remove_appointment_is_cancelled', '2024-12-22 01:29:21.495430') RETURNING "django_migrations"."id"; args=('secretary_dash', '0012_remove_appointment_is_cancelled', '2024-12-22 01:29:21.495430'); alias=default
DEBUG 2024-12-22 03:29:21,497 utils 14104 21776 (0.000) PRAGMA foreign_key_check; args=None; alias=default
DEBUG 2024-12-22 03:29:21,501 utils 14104 21776 (0.000) COMMIT; args=None; alias=default
DEBUG 2024-12-22 03:29:21,501 utils 14104 21776 (0.000) PRAGMA foreign_keys = ON; args=None; alias=default
DEBUG 2024-12-22 03:29:21,501 utils 14104 21776 (0.000) SELECT "django_migrations"."id", "django_migrations"."app", "django_migrations"."name", "django_migrations"."applied" FROM "django_migrations"; args=(); alias=default
DEBUG 2024-12-22 03:29:21,507 utils 14104 21776 (0.000) SELECT "django_content_type"."id", "django_content_type"."app_label", "django_content_type"."model" FROM "django_content_type" WHERE "django_content_type"."app_label" = 'admin'; args=('admin',); alias=default
DEBUG 2024-12-22 03:29:21,508 utils 14104 21776 (0.000) SELECT "django_content_type"."id", "django_content_type"."app_label", "django_content_type"."model" FROM "django_content_type" WHERE ("django_content_type"."app_label" = 'admin' AND "django_content_type"."model" IN ('logentry')); args=('admin', 'logentry'); alias=default
DEBUG 2024-12-22 03:29:21,509 utils 14104 21776 (0.000) SELECT "auth_permission"."content_type_id", "auth_permission"."codename" FROM "auth_permission" INNER JOIN "django_content_type" ON ("auth_permission"."content_type_id" = "django_content_type"."id") WHERE "auth_permission"."content_type_id" IN (1) ORDER BY "django_content_type"."app_label" ASC, "django_content_type"."model" ASC, "auth_permission"."codename" ASC; args=(1,); alias=default
DEBUG 2024-12-22 03:29:21,510 utils 14104 21776 (0.000) SELECT "django_content_type"."id", "django_content_type"."app_label", "django_content_type"."model" FROM "django_content_type" WHERE "django_content_type"."app_label" = 'admin'; args=('admin',); alias=default
DEBUG 2024-12-22 03:29:21,513 utils 14104 21776 (0.000) SELECT "django_content_type"."id", "django_content_type"."app_label", "django_content_type"."model" FROM "django_content_type" WHERE "django_content_type"."app_label" = 'auth'; args=('auth',); alias=default
DEBUG 2024-12-22 03:29:21,513 utils 14104 21776 (0.000) SELECT "django_content_type"."id", "django_content_type"."app_label", "django_content_type"."model" FROM "django_content_type" WHERE ("django_content_type"."app_label" = 'auth' AND "django_content_type"."model" IN ('group', 'user', 'permission')); args=('auth', 'group', 'user', 'permission'); alias=default
DEBUG 2024-12-22 03:29:21,514 utils 14104 21776 (0.000) SELECT "auth_permission"."content_type_id", "auth_permission"."codename" FROM "auth_permission" INNER JOIN "django_content_type" ON ("auth_permission"."content_type_id" = "django_content_type"."id") WHERE "auth_permission"."content_type_id" IN (2, 3, 4) ORDER BY "django_content_type"."app_label" ASC, "django_content_type"."model" ASC, "auth_permission"."codename" ASC; args=(2, 3, 4); alias=default
DEBUG 2024-12-22 03:29:21,515 utils 14104 21776 (0.000) SELECT "django_content_type"."id", "django_content_type"."app_label", "django_content_type"."model" FROM "django_content_type" WHERE "django_content_type"."app_label" = 'auth'; args=('auth',); alias=default
DEBUG 2024-12-22 03:29:21,516 utils 14104 21776 (0.000) SELECT "django_content_type"."id", "django_content_type"."app_label", "django_content_type"."model" FROM "django_content_type" WHERE "django_content_type"."app_label" = 'contenttypes'; args=('contenttypes',); alias=default
DEBUG 2024-12-22 03:29:21,517 utils 14104 21776 (0.000) SELECT "django_content_type"."id", "django_content_type"."app_label", "django_content_type"."model" FROM "django_content_type" WHERE ("django_content_type"."app_label" = 'contenttypes' AND "django_content_type"."model" IN ('contenttype')); args=('contenttypes', 'contenttype'); alias=default
DEBUG 2024-12-22 03:29:21,518 utils 14104 21776 (0.000) SELECT "auth_permission"."content_type_id", "auth_permission"."codename" FROM "auth_permission" INNER JOIN "django_content_type" ON ("auth_permission"."content_type_id" = "django_content_type"."id") WHERE "auth_permission"."content_type_id" IN (5) ORDER BY "django_content_type"."app_label" ASC, "django_content_type"."model" ASC, "auth_permission"."codename" ASC; args=(5,); alias=default
DEBUG 2024-12-22 03:29:21,519 utils 14104 21776 (0.000) SELECT "django_content_type"."id", "django_content_type"."app_label", "django_content_type"."model" FROM "django_content_type" WHERE "django_content_type"."app_label" = 'contenttypes'; args=('contenttypes',); alias=default
DEBUG 2024-12-22 03:29:21,520 utils 14104 21776 (0.000) SELECT "django_content_type"."id", "django_content_type"."app_label", "django_content_type"."model" FROM "django_content_type" WHERE "django_content_type"."app_label" = 'sessions'; args=('sessions',); alias=default
DEBUG 2024-12-22 03:29:21,521 utils 14104 21776 (0.000) SELECT "django_content_type"."id", "django_content_type"."app_label", "django_content_type"."model" FROM "django_content_type" WHERE ("django_content_type"."app_label" = 'sessions' AND "django_content_type"."model" IN ('session')); args=('sessions', 'session'); alias=default
DEBUG 2024-12-22 03:29:21,521 utils 14104 21776 (0.000) SELECT "auth_permission"."content_type_id", "auth_permission"."codename" FROM "auth_permission" INNER JOIN "django_content_type" ON ("auth_permission"."content_type_id" = "django_content_type"."id") WHERE "auth_permission"."content_type_id" IN (6) ORDER BY "django_content_type"."app_label" ASC, "django_content_type"."model" ASC, "auth_permission"."codename" ASC; args=(6,); alias=default
DEBUG 2024-12-22 03:29:21,522 utils 14104 21776 (0.000) SELECT "django_content_type"."id", "django_content_type"."app_label", "django_content_type"."model" FROM "django_content_type" WHERE "django_content_type"."app_label" = 'sessions'; args=('sessions',); alias=default
DEBUG 2024-12-22 03:29:21,522 utils 14104 21776 (0.000) SELECT "django_content_type"."id", "django_content_type"."app_label", "django_content_type"."model" FROM "django_content_type" WHERE "django_content_type"."app_label" = 'secretary_dash'; args=('secretary_dash',); alias=default
DEBUG 2024-12-22 03:29:21,523 utils 14104 21776 (0.000) SELECT "django_content_type"."id", "django_content_type"."app_label", "django_content_type"."model" FROM "django_content_type" WHERE ("django_content_type"."app_label" = 'secretary_dash' AND "django_content_type"."model" IN ('patient', 'appointment', 'busyhours', 'medicine', 'examination', 'prescription', 'secretary')); args=('secretary_dash', 'patient', 'appointment', 'busyhours', 'medicine', 'examination', 'prescription', 'secretary'); alias=default
DEBUG 2024-12-22 03:29:21,525 utils 14104 21776 (0.000) SELECT "auth_permission"."content_type_id", "auth_permission"."codename" FROM "auth_permission" INNER JOIN "django_content_type" ON ("auth_permission"."content_type_id" = "django_content_type"."id") WHERE "auth_permission"."content_type_id" IN (7, 8, 9, 10, 11, 12, 13) ORDER BY "django_content_type"."app_label" ASC, "django_content_type"."model" ASC, "auth_permission"."codename" ASC; args=(7, 8, 9, 10, 11, 12, 13); alias=default
DEBUG 2024-12-22 03:29:21,526 utils 14104 21776 (0.000) SELECT "django_content_type"."id", "django_content_type"."app_label", "django_content_type"."model" FROM "django_content_type" WHERE "django_content_type"."app_label" = 'secretary_dash'; args=('secretary_dash',); alias=default
